id: fhmqdv0qiuahb7bc79du
folder_id: b1gmhdjb7h2jpfc9jr0o
created_at: "2021-09-28T17:46:10Z"
name: reddit-app
zone_id: ru-central1-a
platform_id: standard-v2
resources:
  memory: "4294967296"
  cores: "2"
  core_fraction: "100"
status: RUNNING
boot_disk:
  mode: READ_WRITE
  device_name: fhmvdj22oqq42a8ar7ku
  auto_delete: true
  disk_id: fhmvdj22oqq42a8ar7ku
network_interfaces:
- index: "0"
  mac_address: d0:0d:1a:6f:c1:a9
  subnet_id: e9bljht4vq4c21q84f81
  primary_v4_address:
    address: 10.128.0.31
    one_to_one_nat:
      address: 62.84.112.244
      ip_version: IPV4
fqdn: reddit-app.ru-central1.internal
scheduling_policy: {}
network_settings:
  type: STANDARD
placement_policy: {}
